<?xml version="1.0" encoding="UTF-8"?>
<!-- Generated by org.testng.reporters.JUnitXMLReporter -->
<testsuite ignored="2" hostname="Neeru-Pareek" failures="0" tests="1" name="APIAutomationRestAssured-TestNGEx" time="0.022" errors="0" timestamp="2024-09-26T20:27:33 IST">
  <testcase classname="Ex21092024.TestNGEx.TestNG004" name="smokeTest" time="0.006"/>
  <testcase classname="Ex21092024.TestNGEx.TestNG004" name="sanityTest" time="0.0">
    <ignored/>
  </testcase> <!-- sanityTest -->
  <testcase classname="Ex21092024.TestNGEx.TestNG004" name="RegTest" time="0.0">
    <ignored/>
  </testcase> <!-- RegTest -->
</testsuite> <!-- APIAutomationRestAssured-TestNGEx -->
