<?xml version="1.0" encoding="UTF-8"?>
<!-- Generated by org.testng.reporters.JUnitXMLReporter -->
<testsuite ignored="1" hostname="Neeru-Pareek" failures="0" tests="1" name="APIAutomationRestAssured-TestNGEx" time="0.314" errors="0" timestamp="2024-09-26T20:27:33 IST">
  <testcase classname="Ex21092024.TestNGEx.TestNG01" name="TC01" time="0.175"/>
  <testcase classname="Ex21092024.TestNGEx.TestNG01" name="TC02" time="0.0">
    <ignored/>
  </testcase> <!-- TC02 -->
</testsuite> <!-- APIAutomationRestAssured-TestNGEx -->
